[35m[1mConsolidate compiler generated dependencies of target armor_detector[0m
[ 13%] Built target gtest_main
[ 26%] Built target gtest
[ 40%] Built target armor_detector_node
[ 46%] [32mBuilding CXX object CMakeFiles/armor_detector.dir/src/detector.cpp.o[0m
[01m[K/home/wdr/ros_ws/src/rm_auto_aim/armor_detector/src/detector.cpp:[m[K In member function â€˜[01m[Kcv::Mat rm_auto_aim::Detector::preprocessImage(const cv::Mat&)[m[Kâ€™:
[01m[K/home/wdr/ros_ws/src/rm_auto_aim/armor_detector/src/detector.cpp:69:16:[m[K [01;31m[Kerror: [m[Kâ€˜[01m[KsuppressFlash[m[Kâ€™ was not declared in this scope
   69 |   binary_img = [01;31m[KsuppressFlash[m[K(binary_img);
      |                [01;31m[K^~~~~~~~~~~~~[m[K
gmake[2]: *** [CMakeFiles/armor_detector.dir/build.make:76ï¼šCMakeFiles/armor_detector.dir/src/detector.cpp.o] é”™è¯¯ 1
gmake[1]: *** [CMakeFiles/Makefile2:161ï¼šCMakeFiles/armor_detector.dir/all] é”™è¯¯ 2
gmake: *** [Makefile:146ï¼šall] é”™è¯¯ 2
