[0.011s] Invoking command in '/home/wdr/ros_ws/build/armor_detector': AMENT_PREFIX_PATH=/home/wdr/ros_ws/install/auto_aim_interfaces:${AMENT_PREFIX_PATH} CMAKE_PREFIX_PATH=/home/wdr/ros_ws/install/auto_aim_interfaces:/opt/ros/humble LD_LIBRARY_PATH=/home/wdr/ros_ws/install/auto_aim_interfaces/lib:/opt/MVS/lib/64:/opt/MVS/lib/32:/opt/ros/humble/opt/rviz_ogre_vendor/lib:/opt/ros/humble/lib/x86_64-linux-gnu:/opt/ros/humble/lib:/opt/MVS/lib/64:/opt/MVS/lib/32:/opt/MVS/lib/64:/opt/MVS/lib/32 PYTHONPATH=/home/wdr/ros_ws/install/auto_aim_interfaces/local/lib/python3.10/dist-packages:${PYTHONPATH} /usr/local/bin/cmake --build /home/wdr/ros_ws/build/armor_detector -- -j8 -l8
[0.033s] [ 13%] Built target gtest
[0.034s] [ 26%] Built target gtest_main
[0.036s] [ 40%] Built target armor_detector_node
[0.046s] [ 46%] [32mBuilding CXX object CMakeFiles/armor_detector.dir/src/detector.cpp.o[0m
[1.080s] [01m[K/home/wdr/ros_ws/src/rm_auto_aim/armor_detector/src/detector.cpp:[m[K In member function â€˜[01m[Kbool rm_auto_aim::Detector::isLight(const rm_auto_aim::Light&)[m[Kâ€™:
[1.080s] [01m[K/home/wdr/ros_ws/src/rm_auto_aim/armor_detector/src/detector.cpp:146:3:[m[K [01;31m[Kerror: [m[Kexpected â€˜[01m[K,[m[Kâ€™ or â€˜[01m[K;[m[Kâ€™ before â€˜[01m[Kbool[m[Kâ€™
[1.080s]   146 |   [01;31m[Kbool[m[K is_light = ratio_ok && angle_ok && width_ok;
[1.080s]       |   [01;31m[K^~~~[m[K
[1.084s] [01m[K/home/wdr/ros_ws/src/rm_auto_aim/armor_detector/src/detector.cpp:153:25:[m[K [01;31m[Kerror: [m[Kâ€˜[01m[Kis_light[m[Kâ€™ was not declared in this scope; did you mean â€˜[01m[KisLight[m[Kâ€™?
[1.084s]   153 |   light_data.is_light = [01;31m[Kis_light[m[K;
[1.084s]       |                         [01;31m[K^~~~~~~~[m[K
[1.084s]       |                         [32m[KisLight[m[K
[1.084s] [01m[K/home/wdr/ros_ws/src/rm_auto_aim/armor_detector/src/detector.cpp:142:8:[m[K [01;31m[Kerror: [m[Kunused variable â€˜[01m[Kratio_ok[m[Kâ€™ [[01;31m[K]8;;https://gcc.gnu.org/onlinedocs/gcc/Warning-Options.html#index-Wunused-variable-Werror=unused-variable]8;;[m[K]
[1.084s]   142 |   bool [01;31m[Kratio_ok[m[K = l.min_ratio < ratio && ratio < l.max_ratio;
[1.084s]       |        [01;31m[K^~~~~~~~[m[K
[1.085s] [01m[K/home/wdr/ros_ws/src/rm_auto_aim/armor_detector/src/detector.cpp:144:8:[m[K [01;31m[Kerror: [m[Kunused variable â€˜[01m[Kangle_ok[m[Kâ€™ [[01;31m[K]8;;https://gcc.gnu.org/onlinedocs/gcc/Warning-Options.html#index-Wunused-variable-Werror=unused-variable]8;;[m[K]
[1.085s]   144 |   bool [01;31m[Kangle_ok[m[K = light.tilt_angle < l.max_angle;
[1.085s]       |        [01;31m[K^~~~~~~~[m[K
[1.085s] [01m[K/home/wdr/ros_ws/src/rm_auto_aim/armor_detector/src/detector.cpp:145:8:[m[K [01;31m[Kerror: [m[Kunused variable â€˜[01m[Kwidth_ok[m[Kâ€™ [[01;31m[K]8;;https://gcc.gnu.org/onlinedocs/gcc/Warning-Options.html#index-Wunused-variable-Werror=unused-variable]8;;[m[K]
[1.085s]   145 |   bool [01;31m[Kwidth_ok[m[K = light.width > 3
[1.085s]       |        [01;31m[K^~~~~~~~[m[K
[1.494s] cc1plus: all warnings being treated as errors
[1.503s] gmake[2]: *** [CMakeFiles/armor_detector.dir/build.make:76ï¼šCMakeFiles/armor_detector.dir/src/detector.cpp.o] é”™è¯¯ 1
[1.503s] gmake[1]: *** [CMakeFiles/Makefile2:161ï¼šCMakeFiles/armor_detector.dir/all] é”™è¯¯ 2
[1.503s] gmake: *** [Makefile:146ï¼šall] é”™è¯¯ 2
[1.504s] Invoked command in '/home/wdr/ros_ws/build/armor_detector' returned '2': AMENT_PREFIX_PATH=/home/wdr/ros_ws/install/auto_aim_interfaces:${AMENT_PREFIX_PATH} CMAKE_PREFIX_PATH=/home/wdr/ros_ws/install/auto_aim_interfaces:/opt/ros/humble LD_LIBRARY_PATH=/home/wdr/ros_ws/install/auto_aim_interfaces/lib:/opt/MVS/lib/64:/opt/MVS/lib/32:/opt/ros/humble/opt/rviz_ogre_vendor/lib:/opt/ros/humble/lib/x86_64-linux-gnu:/opt/ros/humble/lib:/opt/MVS/lib/64:/opt/MVS/lib/32:/opt/MVS/lib/64:/opt/MVS/lib/32 PYTHONPATH=/home/wdr/ros_ws/install/auto_aim_interfaces/local/lib/python3.10/dist-packages:${PYTHONPATH} /usr/local/bin/cmake --build /home/wdr/ros_ws/build/armor_detector -- -j8 -l8
