[01m[K/home/wdr/ros_ws/src/rm_auto_aim/armor_detector/src/detector.cpp:46:9:[m[K [01;31m[Kerror: [m[Kno declaration matches â€˜[01m[Kcv::Mat rm_auto_aim::Detector::suppressFlash(const cv::Mat&)[m[Kâ€™
   46 | cv::Mat [01;31m[KDetector[m[K::suppressFlash(const cv::Mat & current_binary)
      |         [01;31m[K^~~~~~~~[m[K
[01m[K/home/wdr/ros_ws/src/rm_auto_aim/armor_detector/src/detector.cpp:46:9:[m[K [01;36m[Knote: [m[Kno functions named â€˜[01m[Kcv::Mat rm_auto_aim::Detector::suppressFlash(const cv::Mat&)[m[Kâ€™
In file included from [01m[K/home/wdr/ros_ws/src/rm_auto_aim/armor_detector/src/detector.cpp:16[m[K:
[01m[K/home/wdr/ros_ws/src/rm_auto_aim/armor_detector/include/armor_detector/detector.hpp:23:7:[m[K [01;36m[Knote: [m[Kâ€˜[01m[Kclass rm_auto_aim::Detector[m[Kâ€™ defined here
   23 | class [01;36m[KDetector[m[K
      |       [01;36m[K^~~~~~~~[m[K
[01m[K/home/wdr/ros_ws/src/rm_auto_aim/armor_detector/src/detector.cpp:[m[K In member function â€˜[01m[Kcv::Mat rm_auto_aim::Detector::preprocessImage(const cv::Mat&)[m[Kâ€™:
[01m[K/home/wdr/ros_ws/src/rm_auto_aim/armor_detector/src/detector.cpp:102:16:[m[K [01;31m[Kerror: [m[Kâ€˜[01m[KsuppressFlash[m[Kâ€™ was not declared in this scope
  102 |   binary_img = [01;31m[KsuppressFlash[m[K(binary_img);
      |                [01;31m[K^~~~~~~~~~~~~[m[K
gmake[2]: *** [CMakeFiles/armor_detector.dir/build.make:76ï¼šCMakeFiles/armor_detector.dir/src/detector.cpp.o] é”™è¯¯ 1
gmake[1]: *** [CMakeFiles/Makefile2:161ï¼šCMakeFiles/armor_detector.dir/all] é”™è¯¯ 2
gmake: *** [Makefile:146ï¼šall] é”™è¯¯ 2
