[0.008s] Invoking command in '/home/wdr/ros_ws/build/armor_detector': AMENT_PREFIX_PATH=/home/wdr/ros_ws/install/auto_aim_interfaces:${AMENT_PREFIX_PATH} CMAKE_PREFIX_PATH=/home/wdr/ros_ws/install/auto_aim_interfaces:/opt/ros/humble LD_LIBRARY_PATH=/home/wdr/ros_ws/install/auto_aim_interfaces/lib:/opt/MVS/lib/64:/opt/MVS/lib/32:/opt/ros/humble/opt/rviz_ogre_vendor/lib:/opt/ros/humble/lib/x86_64-linux-gnu:/opt/ros/humble/lib:/opt/MVS/lib/64:/opt/MVS/lib/32:/opt/MVS/lib/64:/opt/MVS/lib/32 PYTHONPATH=/home/wdr/ros_ws/install/auto_aim_interfaces/local/lib/python3.10/dist-packages:${PYTHONPATH} /usr/bin/cmake --build /home/wdr/ros_ws/build/armor_detector -- -j8 -l8
[0.046s] [35m[1mConsolidate compiler generated dependencies of target armor_detector[0m
[0.057s] [ 13%] Built target gtest
[0.057s] [ 26%] Built target armor_detector_node
[0.058s] [ 40%] Built target gtest_main
[0.066s] [ 46%] [32mBuilding CXX object CMakeFiles/armor_detector.dir/src/detector.cpp.o[0m
[1.046s] [01m[K/home/wdr/ros_ws/src/rm_auto_aim/armor_detector/src/detector.cpp:46:9:[m[K [01;31m[Kerror: [m[Kno declaration matches â€˜[01m[Kcv::Mat rm_auto_aim::Detector::suppressFlash(const cv::Mat&)[m[Kâ€™
[1.046s]    46 | cv::Mat [01;31m[KDetector[m[K::suppressFlash(const cv::Mat & current_binary)
[1.046s]       |         [01;31m[K^~~~~~~~[m[K
[1.047s] [01m[K/home/wdr/ros_ws/src/rm_auto_aim/armor_detector/src/detector.cpp:46:9:[m[K [01;36m[Knote: [m[Kno functions named â€˜[01m[Kcv::Mat rm_auto_aim::Detector::suppressFlash(const cv::Mat&)[m[Kâ€™
[1.047s] In file included from [01m[K/home/wdr/ros_ws/src/rm_auto_aim/armor_detector/src/detector.cpp:16[m[K:
[1.047s] [01m[K/home/wdr/ros_ws/src/rm_auto_aim/armor_detector/include/armor_detector/detector.hpp:23:7:[m[K [01;36m[Knote: [m[Kâ€˜[01m[Kclass rm_auto_aim::Detector[m[Kâ€™ defined here
[1.047s]    23 | class [01;36m[KDetector[m[K
[1.047s]       |       [01;36m[K^~~~~~~~[m[K
[1.056s] [01m[K/home/wdr/ros_ws/src/rm_auto_aim/armor_detector/src/detector.cpp:[m[K In member function â€˜[01m[Kcv::Mat rm_auto_aim::Detector::preprocessImage(const cv::Mat&)[m[Kâ€™:
[1.056s] [01m[K/home/wdr/ros_ws/src/rm_auto_aim/armor_detector/src/detector.cpp:102:16:[m[K [01;31m[Kerror: [m[Kâ€˜[01m[KsuppressFlash[m[Kâ€™ was not declared in this scope
[1.056s]   102 |   binary_img = [01;31m[KsuppressFlash[m[K(binary_img);
[1.056s]       |                [01;31m[K^~~~~~~~~~~~~[m[K
[1.427s] gmake[2]: *** [CMakeFiles/armor_detector.dir/build.make:76ï¼šCMakeFiles/armor_detector.dir/src/detector.cpp.o] é”™è¯¯ 1
[1.427s] gmake[1]: *** [CMakeFiles/Makefile2:161ï¼šCMakeFiles/armor_detector.dir/all] é”™è¯¯ 2
[1.427s] gmake: *** [Makefile:146ï¼šall] é”™è¯¯ 2
[1.428s] Invoked command in '/home/wdr/ros_ws/build/armor_detector' returned '2': AMENT_PREFIX_PATH=/home/wdr/ros_ws/install/auto_aim_interfaces:${AMENT_PREFIX_PATH} CMAKE_PREFIX_PATH=/home/wdr/ros_ws/install/auto_aim_interfaces:/opt/ros/humble LD_LIBRARY_PATH=/home/wdr/ros_ws/install/auto_aim_interfaces/lib:/opt/MVS/lib/64:/opt/MVS/lib/32:/opt/ros/humble/opt/rviz_ogre_vendor/lib:/opt/ros/humble/lib/x86_64-linux-gnu:/opt/ros/humble/lib:/opt/MVS/lib/64:/opt/MVS/lib/32:/opt/MVS/lib/64:/opt/MVS/lib/32 PYTHONPATH=/home/wdr/ros_ws/install/auto_aim_interfaces/local/lib/python3.10/dist-packages:${PYTHONPATH} /usr/bin/cmake --build /home/wdr/ros_ws/build/armor_detector -- -j8 -l8
