[ 13%] Built target gtest_main
[ 26%] Built target gtest
[ 40%] Built target armor_detector_node
[ 46%] [32mBuilding CXX object CMakeFiles/armor_detector.dir/src/detector.cpp.o[0m
[01m[K/home/wdr/ros_ws/src/rm_auto_aim/armor_detector/src/detector.cpp:[m[K In member function â€˜[01m[Kbool rm_auto_aim::Detector::isLight(const rm_auto_aim::Light&)[m[Kâ€™:
[01m[K/home/wdr/ros_ws/src/rm_auto_aim/armor_detector/src/detector.cpp:146:3:[m[K [01;31m[Kerror: [m[Kexpected â€˜[01m[K,[m[Kâ€™ or â€˜[01m[K;[m[Kâ€™ before â€˜[01m[Kbool[m[Kâ€™
  146 |   [01;31m[Kbool[m[K is_light = ratio_ok && angle_ok && width_ok;
      |   [01;31m[K^~~~[m[K
[01m[K/home/wdr/ros_ws/src/rm_auto_aim/armor_detector/src/detector.cpp:153:25:[m[K [01;31m[Kerror: [m[Kâ€˜[01m[Kis_light[m[Kâ€™ was not declared in this scope; did you mean â€˜[01m[KisLight[m[Kâ€™?
  153 |   light_data.is_light = [01;31m[Kis_light[m[K;
      |                         [01;31m[K^~~~~~~~[m[K
      |                         [32m[KisLight[m[K
[01m[K/home/wdr/ros_ws/src/rm_auto_aim/armor_detector/src/detector.cpp:142:8:[m[K [01;31m[Kerror: [m[Kunused variable â€˜[01m[Kratio_ok[m[Kâ€™ [[01;31m[K]8;;https://gcc.gnu.org/onlinedocs/gcc/Warning-Options.html#index-Wunused-variable-Werror=unused-variable]8;;[m[K]
  142 |   bool [01;31m[Kratio_ok[m[K = l.min_ratio < ratio && ratio < l.max_ratio;
      |        [01;31m[K^~~~~~~~[m[K
[01m[K/home/wdr/ros_ws/src/rm_auto_aim/armor_detector/src/detector.cpp:144:8:[m[K [01;31m[Kerror: [m[Kunused variable â€˜[01m[Kangle_ok[m[Kâ€™ [[01;31m[K]8;;https://gcc.gnu.org/onlinedocs/gcc/Warning-Options.html#index-Wunused-variable-Werror=unused-variable]8;;[m[K]
  144 |   bool [01;31m[Kangle_ok[m[K = light.tilt_angle < l.max_angle;
      |        [01;31m[K^~~~~~~~[m[K
[01m[K/home/wdr/ros_ws/src/rm_auto_aim/armor_detector/src/detector.cpp:145:8:[m[K [01;31m[Kerror: [m[Kunused variable â€˜[01m[Kwidth_ok[m[Kâ€™ [[01;31m[K]8;;https://gcc.gnu.org/onlinedocs/gcc/Warning-Options.html#index-Wunused-variable-Werror=unused-variable]8;;[m[K]
  145 |   bool [01;31m[Kwidth_ok[m[K = light.width > 3
      |        [01;31m[K^~~~~~~~[m[K
cc1plus: all warnings being treated as errors
gmake[2]: *** [CMakeFiles/armor_detector.dir/build.make:76ï¼šCMakeFiles/armor_detector.dir/src/detector.cpp.o] é”™è¯¯ 1
gmake[1]: *** [CMakeFiles/Makefile2:161ï¼šCMakeFiles/armor_detector.dir/all] é”™è¯¯ 2
gmake: *** [Makefile:146ï¼šall] é”™è¯¯ 2
