[35m[1mConsolidate compiler generated dependencies of target armor_tracker[0m
[ 33%] Built target armor_tracker_node
[ 50%] [32mBuilding CXX object CMakeFiles/armor_tracker.dir/src/tracker.cpp.o[0m
[01m[K/home/wdr/ros_ws/src/rm_auto_aim/armor_tracker/src/tracker.cpp:[m[K In member function â€˜[01m[Kvoid rm_auto_aim::Tracker::initEKF(const Armor&)[m[Kâ€™:
[01m[K/home/wdr/ros_ws/src/rm_auto_aim/armor_tracker/src/tracker.cpp:177:10:[m[K [01;31m[Kerror: [m[Kunused variable â€˜[01m[Kza[m[Kâ€™ [[01;31m[K]8;;https://gcc.gnu.org/onlinedocs/gcc/Warning-Options.html#index-Wunused-variable-Werror=unused-variable]8;;[m[K]
  177 |   double [01;31m[Kza[m[K = a.pose.position.z;
      |          [01;31m[K^~[m[K
[01m[K/home/wdr/ros_ws/src/rm_auto_aim/armor_tracker/src/tracker.cpp:184:10:[m[K [01;31m[Kerror: [m[Kunused variable â€˜[01m[Kxc[m[Kâ€™ [[01;31m[K]8;;https://gcc.gnu.org/onlinedocs/gcc/Warning-Options.html#index-Wunused-variable-Werror=unused-variable]8;;[m[K]
  184 |   double [01;31m[Kxc[m[K = xa + r * cos(yaw);
      |          [01;31m[K^~[m[K
[01m[K/home/wdr/ros_ws/src/rm_auto_aim/armor_tracker/src/tracker.cpp:185:10:[m[K [01;31m[Kerror: [m[Kunused variable â€˜[01m[Kyc[m[Kâ€™ [[01;31m[K]8;;https://gcc.gnu.org/onlinedocs/gcc/Warning-Options.html#index-Wunused-variable-Werror=unused-variable]8;;[m[K]
  185 |   double [01;31m[Kyc[m[K = ya + r * sin(yaw);
      |          [01;31m[K^~[m[K
cc1plus: all warnings being treated as errors
gmake[2]: *** [CMakeFiles/armor_tracker.dir/build.make:90ï¼šCMakeFiles/armor_tracker.dir/src/tracker.cpp.o] é”™è¯¯ 1
gmake[1]: *** [CMakeFiles/Makefile2:139ï¼šCMakeFiles/armor_tracker.dir/all] é”™è¯¯ 2
gmake: *** [Makefile:146ï¼šall] é”™è¯¯ 2
