[0.011s] Invoking command in '/home/wdr/ros_ws/build/armor_tracker': AMENT_PREFIX_PATH=/home/wdr/ros_ws/install/auto_aim_interfaces:${AMENT_PREFIX_PATH} CMAKE_PREFIX_PATH=/home/wdr/ros_ws/install/auto_aim_interfaces:/opt/ros/humble LD_LIBRARY_PATH=/home/wdr/ros_ws/install/auto_aim_interfaces/lib:/opt/MVS/lib/64:/opt/MVS/lib/32:/opt/ros/humble/opt/rviz_ogre_vendor/lib:/opt/ros/humble/lib/x86_64-linux-gnu:/opt/ros/humble/lib:/opt/MVS/lib/64:/opt/MVS/lib/32:/opt/MVS/lib/64:/opt/MVS/lib/32 PYTHONPATH=/home/wdr/ros_ws/install/auto_aim_interfaces/local/lib/python3.10/dist-packages:${PYTHONPATH} /usr/bin/cmake --build /home/wdr/ros_ws/build/armor_tracker -- -j8 -l8
[0.061s] [35m[1mConsolidate compiler generated dependencies of target armor_tracker[0m
[0.067s] [ 33%] Built target armor_tracker_node
[0.080s] [ 50%] [32mBuilding CXX object CMakeFiles/armor_tracker.dir/src/tracker.cpp.o[0m
[3.032s] [01m[K/home/wdr/ros_ws/src/rm_auto_aim/armor_tracker/src/tracker.cpp:[m[K In member function â€˜[01m[Kvoid rm_auto_aim::Tracker::initEKF(const Armor&)[m[Kâ€™:
[3.032s] [01m[K/home/wdr/ros_ws/src/rm_auto_aim/armor_tracker/src/tracker.cpp:177:10:[m[K [01;31m[Kerror: [m[Kunused variable â€˜[01m[Kza[m[Kâ€™ [[01;31m[K]8;;https://gcc.gnu.org/onlinedocs/gcc/Warning-Options.html#index-Wunused-variable-Werror=unused-variable]8;;[m[K]
[3.032s]   177 |   double [01;31m[Kza[m[K = a.pose.position.z;
[3.032s]       |          [01;31m[K^~[m[K
[3.033s] [01m[K/home/wdr/ros_ws/src/rm_auto_aim/armor_tracker/src/tracker.cpp:184:10:[m[K [01;31m[Kerror: [m[Kunused variable â€˜[01m[Kxc[m[Kâ€™ [[01;31m[K]8;;https://gcc.gnu.org/onlinedocs/gcc/Warning-Options.html#index-Wunused-variable-Werror=unused-variable]8;;[m[K]
[3.033s]   184 |   double [01;31m[Kxc[m[K = xa + r * cos(yaw);
[3.033s]       |          [01;31m[K^~[m[K
[3.033s] [01m[K/home/wdr/ros_ws/src/rm_auto_aim/armor_tracker/src/tracker.cpp:185:10:[m[K [01;31m[Kerror: [m[Kunused variable â€˜[01m[Kyc[m[Kâ€™ [[01;31m[K]8;;https://gcc.gnu.org/onlinedocs/gcc/Warning-Options.html#index-Wunused-variable-Werror=unused-variable]8;;[m[K]
[3.033s]   185 |   double [01;31m[Kyc[m[K = ya + r * sin(yaw);
[3.033s]       |          [01;31m[K^~[m[K
[3.702s] cc1plus: all warnings being treated as errors
[3.716s] gmake[2]: *** [CMakeFiles/armor_tracker.dir/build.make:90ï¼šCMakeFiles/armor_tracker.dir/src/tracker.cpp.o] é”™è¯¯ 1
[3.716s] gmake[1]: *** [CMakeFiles/Makefile2:139ï¼šCMakeFiles/armor_tracker.dir/all] é”™è¯¯ 2
[3.716s] gmake: *** [Makefile:146ï¼šall] é”™è¯¯ 2
[3.718s] Invoked command in '/home/wdr/ros_ws/build/armor_tracker' returned '2': AMENT_PREFIX_PATH=/home/wdr/ros_ws/install/auto_aim_interfaces:${AMENT_PREFIX_PATH} CMAKE_PREFIX_PATH=/home/wdr/ros_ws/install/auto_aim_interfaces:/opt/ros/humble LD_LIBRARY_PATH=/home/wdr/ros_ws/install/auto_aim_interfaces/lib:/opt/MVS/lib/64:/opt/MVS/lib/32:/opt/ros/humble/opt/rviz_ogre_vendor/lib:/opt/ros/humble/lib/x86_64-linux-gnu:/opt/ros/humble/lib:/opt/MVS/lib/64:/opt/MVS/lib/32:/opt/MVS/lib/64:/opt/MVS/lib/32 PYTHONPATH=/home/wdr/ros_ws/install/auto_aim_interfaces/local/lib/python3.10/dist-packages:${PYTHONPATH} /usr/bin/cmake --build /home/wdr/ros_ws/build/armor_tracker -- -j8 -l8
